<?xml version="1.0" encoding="UTF-8"?>
<testsuite xmlns:xsi="http://www.w3.org/2001/XMLSchema-instance" xsi:noNamespaceSchemaLocation="https://maven.apache.org/surefire/maven-surefire-plugin/xsd/surefire-test-report.xsd" name="TestMthon" time="1.44" tests="1" errors="0" skipped="0" failures="0">
  <properties>
    <property name="sun.desktop" value="windows"/>
    <property name="awt.toolkit" value="sun.awt.windows.WToolkit"/>
    <property name="file.encoding.pkg" value="sun.io"/>
    <property name="java.specification.version" value="1.8"/>
    <property name="sun.cpu.isalist" value="amd64"/>
    <property name="sun.jnu.encoding" value="GBK"/>
    <property name="java.class.path" value="D:\jpf\workspace_jay\jay_v1\jay-author\jay-author-security\target\test-classes;D:\jpf\workspace_jay\jay_v1\jay-author\jay-author-security\target\classes;D:\jpf\soft_dev\apache-maven-repository-jay\org\springframework\boot\spring-boot-starter-web\2.2.5.RELEASE\spring-boot-starter-web-2.2.5.RELEASE.jar;D:\jpf\soft_dev\apache-maven-repository-jay\org\springframework\boot\spring-boot-starter\2.2.5.RELEASE\spring-boot-starter-2.2.5.RELEASE.jar;D:\jpf\soft_dev\apache-maven-repository-jay\org\springframework\boot\spring-boot\2.2.5.RELEASE\spring-boot-2.2.5.RELEASE.jar;D:\jpf\soft_dev\apache-maven-repository-jay\org\springframework\boot\spring-boot-autoconfigure\2.2.5.RELEASE\spring-boot-autoconfigure-2.2.5.RELEASE.jar;D:\jpf\soft_dev\apache-maven-repository-jay\org\springframework\boot\spring-boot-starter-logging\2.2.5.RELEASE\spring-boot-starter-logging-2.2.5.RELEASE.jar;D:\jpf\soft_dev\apache-maven-repository-jay\ch\qos\logback\logback-classic\1.2.3\logback-classic-1.2.3.jar;D:\jpf\soft_dev\apache-maven-repository-jay\ch\qos\logback\logback-core\1.2.3\logback-core-1.2.3.jar;D:\jpf\soft_dev\apache-maven-repository-jay\org\apache\logging\log4j\log4j-to-slf4j\2.12.1\log4j-to-slf4j-2.12.1.jar;D:\jpf\soft_dev\apache-maven-repository-jay\org\apache\logging\log4j\log4j-api\2.12.1\log4j-api-2.12.1.jar;D:\jpf\soft_dev\apache-maven-repository-jay\org\slf4j\jul-to-slf4j\1.7.30\jul-to-slf4j-1.7.30.jar;D:\jpf\soft_dev\apache-maven-repository-jay\jakarta\annotation\jakarta.annotation-api\1.3.5\jakarta.annotation-api-1.3.5.jar;D:\jpf\soft_dev\apache-maven-repository-jay\org\yaml\snakeyaml\1.25\snakeyaml-1.25.jar;D:\jpf\soft_dev\apache-maven-repository-jay\org\springframework\boot\spring-boot-starter-json\2.2.5.RELEASE\spring-boot-starter-json-2.2.5.RELEASE.jar;D:\jpf\soft_dev\apache-maven-repository-jay\com\fasterxml\jackson\datatype\jackson-datatype-jdk8\2.10.2\jackson-datatype-jdk8-2.10.2.jar;D:\jpf\soft_dev\apache-maven-repository-jay\com\fasterxml\jackson\datatype\jackson-datatype-jsr310\2.10.2\jackson-datatype-jsr310-2.10.2.jar;D:\jpf\soft_dev\apache-maven-repository-jay\com\fasterxml\jackson\module\jackson-module-parameter-names\2.10.2\jackson-module-parameter-names-2.10.2.jar;D:\jpf\soft_dev\apache-maven-repository-jay\org\springframework\boot\spring-boot-starter-tomcat\2.2.5.RELEASE\spring-boot-starter-tomcat-2.2.5.RELEASE.jar;D:\jpf\soft_dev\apache-maven-repository-jay\org\apache\tomcat\embed\tomcat-embed-core\9.0.31\tomcat-embed-core-9.0.31.jar;D:\jpf\soft_dev\apache-maven-repository-jay\org\apache\tomcat\embed\tomcat-embed-el\9.0.31\tomcat-embed-el-9.0.31.jar;D:\jpf\soft_dev\apache-maven-repository-jay\org\apache\tomcat\embed\tomcat-embed-websocket\9.0.31\tomcat-embed-websocket-9.0.31.jar;D:\jpf\soft_dev\apache-maven-repository-jay\org\springframework\boot\spring-boot-starter-validation\2.2.5.RELEASE\spring-boot-starter-validation-2.2.5.RELEASE.jar;D:\jpf\soft_dev\apache-maven-repository-jay\jakarta\validation\jakarta.validation-api\2.0.2\jakarta.validation-api-2.0.2.jar;D:\jpf\soft_dev\apache-maven-repository-jay\org\hibernate\validator\hibernate-validator\6.0.18.Final\hibernate-validator-6.0.18.Final.jar;D:\jpf\soft_dev\apache-maven-repository-jay\org\jboss\logging\jboss-logging\3.4.1.Final\jboss-logging-3.4.1.Final.jar;D:\jpf\soft_dev\apache-maven-repository-jay\com\fasterxml\classmate\1.5.1\classmate-1.5.1.jar;D:\jpf\soft_dev\apache-maven-repository-jay\org\springframework\spring-web\5.2.4.RELEASE\spring-web-5.2.4.RELEASE.jar;D:\jpf\soft_dev\apache-maven-repository-jay\org\springframework\spring-beans\5.2.4.RELEASE\spring-beans-5.2.4.RELEASE.jar;D:\jpf\soft_dev\apache-maven-repository-jay\org\springframework\spring-webmvc\5.2.4.RELEASE\spring-webmvc-5.2.4.RELEASE.jar;D:\jpf\soft_dev\apache-maven-repository-jay\org\springframework\spring-aop\5.2.4.RELEASE\spring-aop-5.2.4.RELEASE.jar;D:\jpf\soft_dev\apache-maven-repository-jay\org\springframework\spring-context\5.2.4.RELEASE\spring-context-5.2.4.RELEASE.jar;D:\jpf\soft_dev\apache-maven-repository-jay\org\springframework\spring-expression\5.2.4.RELEASE\spring-expression-5.2.4.RELEASE.jar;D:\jpf\soft_dev\apache-maven-repository-jay\org\springframework\cloud\spring-cloud-starter-netflix-eureka-client\2.2.1.RELEASE\spring-cloud-starter-netflix-eureka-client-2.2.1.RELEASE.jar;D:\jpf\soft_dev\apache-maven-repository-jay\org\springframework\cloud\spring-cloud-starter\2.2.1.RELEASE\spring-cloud-starter-2.2.1.RELEASE.jar;D:\jpf\soft_dev\apache-maven-repository-jay\org\springframework\cloud\spring-cloud-context\2.2.1.RELEASE\spring-cloud-context-2.2.1.RELEASE.jar;D:\jpf\soft_dev\apache-maven-repository-jay\org\springframework\security\spring-security-rsa\1.0.9.RELEASE\spring-security-rsa-1.0.9.RELEASE.jar;D:\jpf\soft_dev\apache-maven-repository-jay\org\bouncycastle\bcpkix-jdk15on\1.64\bcpkix-jdk15on-1.64.jar;D:\jpf\soft_dev\apache-maven-repository-jay\org\bouncycastle\bcprov-jdk15on\1.64\bcprov-jdk15on-1.64.jar;D:\jpf\soft_dev\apache-maven-repository-jay\org\springframework\cloud\spring-cloud-netflix-hystrix\2.2.1.RELEASE\spring-cloud-netflix-hystrix-2.2.1.RELEASE.jar;D:\jpf\soft_dev\apache-maven-repository-jay\org\springframework\boot\spring-boot-starter-aop\2.2.5.RELEASE\spring-boot-starter-aop-2.2.5.RELEASE.jar;D:\jpf\soft_dev\apache-maven-repository-jay\org\springframework\cloud\spring-cloud-netflix-eureka-client\2.2.1.RELEASE\spring-cloud-netflix-eureka-client-2.2.1.RELEASE.jar;D:\jpf\soft_dev\apache-maven-repository-jay\com\netflix\eureka\eureka-client\1.9.13\eureka-client-1.9.13.jar;D:\jpf\soft_dev\apache-maven-repository-jay\org\codehaus\jettison\jettison\1.3.7\jettison-1.3.7.jar;D:\jpf\soft_dev\apache-maven-repository-jay\stax\stax-api\1.0.1\stax-api-1.0.1.jar;D:\jpf\soft_dev\apache-maven-repository-jay\com\netflix\netflix-commons\netflix-eventbus\0.3.0\netflix-eventbus-0.3.0.jar;D:\jpf\soft_dev\apache-maven-repository-jay\com\netflix\netflix-commons\netflix-infix\0.3.0\netflix-infix-0.3.0.jar;D:\jpf\soft_dev\apache-maven-repository-jay\commons-jxpath\commons-jxpath\1.3\commons-jxpath-1.3.jar;D:\jpf\soft_dev\apache-maven-repository-jay\joda-time\joda-time\2.10.5\joda-time-2.10.5.jar;D:\jpf\soft_dev\apache-maven-repository-jay\org\antlr\antlr-runtime\3.4\antlr-runtime-3.4.jar;D:\jpf\soft_dev\apache-maven-repository-jay\org\antlr\stringtemplate\3.2.1\stringtemplate-3.2.1.jar;D:\jpf\soft_dev\apache-maven-repository-jay\antlr\antlr\2.7.7\antlr-2.7.7.jar;D:\jpf\soft_dev\apache-maven-repository-jay\org\apache\commons\commons-math\2.2\commons-math-2.2.jar;D:\jpf\soft_dev\apache-maven-repository-jay\com\netflix\archaius\archaius-core\0.7.6\archaius-core-0.7.6.jar;D:\jpf\soft_dev\apache-maven-repository-jay\javax\ws\rs\jsr311-api\1.1.1\jsr311-api-1.1.1.jar;D:\jpf\soft_dev\apache-maven-repository-jay\com\netflix\servo\servo-core\0.12.21\servo-core-0.12.21.jar;D:\jpf\soft_dev\apache-maven-repository-jay\com\sun\jersey\jersey-core\1.19.1\jersey-core-1.19.1.jar;D:\jpf\soft_dev\apache-maven-repository-jay\com\sun\jersey\jersey-client\1.19.1\jersey-client-1.19.1.jar;D:\jpf\soft_dev\apache-maven-repository-jay\com\sun\jersey\contribs\jersey-apache-client4\1.19.1\jersey-apache-client4-1.19.1.jar;D:\jpf\soft_dev\apache-maven-repository-jay\org\apache\httpcomponents\httpclient\4.5.11\httpclient-4.5.11.jar;D:\jpf\soft_dev\apache-maven-repository-jay\org\apache\httpcomponents\httpcore\4.4.13\httpcore-4.4.13.jar;D:\jpf\soft_dev\apache-maven-repository-jay\commons-codec\commons-codec\1.13\commons-codec-1.13.jar;D:\jpf\soft_dev\apache-maven-repository-jay\com\google\inject\guice\4.1.0\guice-4.1.0.jar;D:\jpf\soft_dev\apache-maven-repository-jay\javax\inject\javax.inject\1\javax.inject-1.jar;D:\jpf\soft_dev\apache-maven-repository-jay\aopalliance\aopalliance\1.0\aopalliance-1.0.jar;D:\jpf\soft_dev\apache-maven-repository-jay\com\fasterxml\jackson\core\jackson-annotations\2.10.2\jackson-annotations-2.10.2.jar;D:\jpf\soft_dev\apache-maven-repository-jay\com\fasterxml\jackson\core\jackson-core\2.10.2\jackson-core-2.10.2.jar;D:\jpf\soft_dev\apache-maven-repository-jay\com\netflix\eureka\eureka-core\1.9.13\eureka-core-1.9.13.jar;D:\jpf\soft_dev\apache-maven-repository-jay\com\fasterxml\woodstox\woodstox-core\5.2.1\woodstox-core-5.2.1.jar;D:\jpf\soft_dev\apache-maven-repository-jay\org\codehaus\woodstox\stax2-api\4.2\stax2-api-4.2.jar;D:\jpf\soft_dev\apache-maven-repository-jay\org\springframework\cloud\spring-cloud-starter-netflix-archaius\2.2.1.RELEASE\spring-cloud-starter-netflix-archaius-2.2.1.RELEASE.jar;D:\jpf\soft_dev\apache-maven-repository-jay\org\springframework\cloud\spring-cloud-netflix-archaius\2.2.1.RELEASE\spring-cloud-netflix-archaius-2.2.1.RELEASE.jar;D:\jpf\soft_dev\apache-maven-repository-jay\commons-configuration\commons-configuration\1.8\commons-configuration-1.8.jar;D:\jpf\soft_dev\apache-maven-repository-jay\commons-lang\commons-lang\2.6\commons-lang-2.6.jar;D:\jpf\soft_dev\apache-maven-repository-jay\org\springframework\cloud\spring-cloud-starter-netflix-ribbon\2.2.1.RELEASE\spring-cloud-starter-netflix-ribbon-2.2.1.RELEASE.jar;D:\jpf\soft_dev\apache-maven-repository-jay\com\netflix\ribbon\ribbon\2.3.0\ribbon-2.3.0.jar;D:\jpf\soft_dev\apache-maven-repository-jay\com\netflix\ribbon\ribbon-transport\2.3.0\ribbon-transport-2.3.0.jar;D:\jpf\soft_dev\apache-maven-repository-jay\io\reactivex\rxnetty-contexts\0.4.9\rxnetty-contexts-0.4.9.jar;D:\jpf\soft_dev\apache-maven-repository-jay\io\reactivex\rxnetty-servo\0.4.9\rxnetty-servo-0.4.9.jar;D:\jpf\soft_dev\apache-maven-repository-jay\io\reactivex\rxnetty\0.4.9\rxnetty-0.4.9.jar;D:\jpf\soft_dev\apache-maven-repository-jay\com\netflix\ribbon\ribbon-core\2.3.0\ribbon-core-2.3.0.jar;D:\jpf\soft_dev\apache-maven-repository-jay\com\netflix\ribbon\ribbon-httpclient\2.3.0\ribbon-httpclient-2.3.0.jar;D:\jpf\soft_dev\apache-maven-repository-jay\commons-collections\commons-collections\3.2.2\commons-collections-3.2.2.jar;D:\jpf\soft_dev\apache-maven-repository-jay\com\netflix\netflix-commons\netflix-commons-util\0.3.0\netflix-commons-util-0.3.0.jar;D:\jpf\soft_dev\apache-maven-repository-jay\com\netflix\ribbon\ribbon-loadbalancer\2.3.0\ribbon-loadbalancer-2.3.0.jar;D:\jpf\soft_dev\apache-maven-repository-jay\com\netflix\netflix-commons\netflix-statistics\0.1.1\netflix-statistics-0.1.1.jar;D:\jpf\soft_dev\apache-maven-repository-jay\io\reactivex\rxjava\1.3.8\rxjava-1.3.8.jar;D:\jpf\soft_dev\apache-maven-repository-jay\org\springframework\cloud\spring-cloud-starter-loadbalancer\2.2.1.RELEASE\spring-cloud-starter-loadbalancer-2.2.1.RELEASE.jar;D:\jpf\soft_dev\apache-maven-repository-jay\org\springframework\cloud\spring-cloud-loadbalancer\2.2.1.RELEASE\spring-cloud-loadbalancer-2.2.1.RELEASE.jar;D:\jpf\soft_dev\apache-maven-repository-jay\io\projectreactor\reactor-core\3.3.3.RELEASE\reactor-core-3.3.3.RELEASE.jar;D:\jpf\soft_dev\apache-maven-repository-jay\io\projectreactor\addons\reactor-extra\3.3.2.RELEASE\reactor-extra-3.3.2.RELEASE.jar;D:\jpf\soft_dev\apache-maven-repository-jay\org\springframework\boot\spring-boot-starter-cache\2.2.5.RELEASE\spring-boot-starter-cache-2.2.5.RELEASE.jar;D:\jpf\soft_dev\apache-maven-repository-jay\com\stoyanr\evictor\1.0.0\evictor-1.0.0.jar;D:\jpf\soft_dev\apache-maven-repository-jay\com\netflix\ribbon\ribbon-eureka\2.3.0\ribbon-eureka-2.3.0.jar;D:\jpf\soft_dev\apache-maven-repository-jay\com\thoughtworks\xstream\xstream\1.4.11.1\xstream-1.4.11.1.jar;D:\jpf\soft_dev\apache-maven-repository-jay\xmlpull\xmlpull\1.1.3.1\xmlpull-1.1.3.1.jar;D:\jpf\soft_dev\apache-maven-repository-jay\xpp3\xpp3_min\1.1.4c\xpp3_min-1.1.4c.jar;D:\jpf\soft_dev\apache-maven-repository-jay\org\projectlombok\lombok\1.18.12\lombok-1.18.12.jar;D:\jpf\soft_dev\apache-maven-repository-jay\org\springframework\boot\spring-boot-starter-test\2.2.5.RELEASE\spring-boot-starter-test-2.2.5.RELEASE.jar;D:\jpf\soft_dev\apache-maven-repository-jay\org\springframework\boot\spring-boot-test\2.2.5.RELEASE\spring-boot-test-2.2.5.RELEASE.jar;D:\jpf\soft_dev\apache-maven-repository-jay\org\springframework\boot\spring-boot-test-autoconfigure\2.2.5.RELEASE\spring-boot-test-autoconfigure-2.2.5.RELEASE.jar;D:\jpf\soft_dev\apache-maven-repository-jay\com\jayway\jsonpath\json-path\2.4.0\json-path-2.4.0.jar;D:\jpf\soft_dev\apache-maven-repository-jay\net\minidev\json-smart\2.3\json-smart-2.3.jar;D:\jpf\soft_dev\apache-maven-repository-jay\net\minidev\accessors-smart\1.2\accessors-smart-1.2.jar;D:\jpf\soft_dev\apache-maven-repository-jay\jakarta\xml\bind\jakarta.xml.bind-api\2.3.2\jakarta.xml.bind-api-2.3.2.jar;D:\jpf\soft_dev\apache-maven-repository-jay\jakarta\activation\jakarta.activation-api\1.2.2\jakarta.activation-api-1.2.2.jar;D:\jpf\soft_dev\apache-maven-repository-jay\org\junit\jupiter\junit-jupiter\5.5.2\junit-jupiter-5.5.2.jar;D:\jpf\soft_dev\apache-maven-repository-jay\org\junit\jupiter\junit-jupiter-api\5.5.2\junit-jupiter-api-5.5.2.jar;D:\jpf\soft_dev\apache-maven-repository-jay\org\opentest4j\opentest4j\1.2.0\opentest4j-1.2.0.jar;D:\jpf\soft_dev\apache-maven-repository-jay\org\junit\platform\junit-platform-commons\1.5.2\junit-platform-commons-1.5.2.jar;D:\jpf\soft_dev\apache-maven-repository-jay\org\junit\jupiter\junit-jupiter-params\5.5.2\junit-jupiter-params-5.5.2.jar;D:\jpf\soft_dev\apache-maven-repository-jay\org\junit\jupiter\junit-jupiter-engine\5.5.2\junit-jupiter-engine-5.5.2.jar;D:\jpf\soft_dev\apache-maven-repository-jay\org\junit\vintage\junit-vintage-engine\5.5.2\junit-vintage-engine-5.5.2.jar;D:\jpf\soft_dev\apache-maven-repository-jay\org\apiguardian\apiguardian-api\1.1.0\apiguardian-api-1.1.0.jar;D:\jpf\soft_dev\apache-maven-repository-jay\org\junit\platform\junit-platform-engine\1.5.2\junit-platform-engine-1.5.2.jar;D:\jpf\soft_dev\apache-maven-repository-jay\org\mockito\mockito-junit-jupiter\3.1.0\mockito-junit-jupiter-3.1.0.jar;D:\jpf\soft_dev\apache-maven-repository-jay\org\assertj\assertj-core\3.13.2\assertj-core-3.13.2.jar;D:\jpf\soft_dev\apache-maven-repository-jay\org\hamcrest\hamcrest\2.1\hamcrest-2.1.jar;D:\jpf\soft_dev\apache-maven-repository-jay\org\mockito\mockito-core\3.1.0\mockito-core-3.1.0.jar;D:\jpf\soft_dev\apache-maven-repository-jay\net\bytebuddy\byte-buddy\1.10.8\byte-buddy-1.10.8.jar;D:\jpf\soft_dev\apache-maven-repository-jay\net\bytebuddy\byte-buddy-agent\1.10.8\byte-buddy-agent-1.10.8.jar;D:\jpf\soft_dev\apache-maven-repository-jay\org\objenesis\objenesis\2.6\objenesis-2.6.jar;D:\jpf\soft_dev\apache-maven-repository-jay\org\skyscreamer\jsonassert\1.5.0\jsonassert-1.5.0.jar;D:\jpf\soft_dev\apache-maven-repository-jay\com\vaadin\external\google\android-json\0.0.20131108.vaadin1\android-json-0.0.20131108.vaadin1.jar;D:\jpf\soft_dev\apache-maven-repository-jay\org\springframework\spring-core\5.2.4.RELEASE\spring-core-5.2.4.RELEASE.jar;D:\jpf\soft_dev\apache-maven-repository-jay\org\springframework\spring-jcl\5.2.4.RELEASE\spring-jcl-5.2.4.RELEASE.jar;D:\jpf\soft_dev\apache-maven-repository-jay\org\springframework\spring-test\5.2.4.RELEASE\spring-test-5.2.4.RELEASE.jar;D:\jpf\soft_dev\apache-maven-repository-jay\org\xmlunit\xmlunit-core\2.6.3\xmlunit-core-2.6.3.jar;D:\jpf\soft_dev\apache-maven-repository-jay\org\springframework\boot\spring-boot-starter-actuator\2.2.5.RELEASE\spring-boot-starter-actuator-2.2.5.RELEASE.jar;D:\jpf\soft_dev\apache-maven-repository-jay\org\springframework\boot\spring-boot-actuator-autoconfigure\2.2.5.RELEASE\spring-boot-actuator-autoconfigure-2.2.5.RELEASE.jar;D:\jpf\soft_dev\apache-maven-repository-jay\org\springframework\boot\spring-boot-actuator\2.2.5.RELEASE\spring-boot-actuator-2.2.5.RELEASE.jar;D:\jpf\soft_dev\apache-maven-repository-jay\io\micrometer\micrometer-core\1.3.5\micrometer-core-1.3.5.jar;D:\jpf\soft_dev\apache-maven-repository-jay\org\hdrhistogram\HdrHistogram\2.1.11\HdrHistogram-2.1.11.jar;D:\jpf\soft_dev\apache-maven-repository-jay\org\latencyutils\LatencyUtils\2.0.3\LatencyUtils-2.0.3.jar;D:\jpf\soft_dev\apache-maven-repository-jay\de\codecentric\spring-boot-admin-starter-client\2.2.2\spring-boot-admin-starter-client-2.2.2.jar;D:\jpf\soft_dev\apache-maven-repository-jay\de\codecentric\spring-boot-admin-client\2.2.2\spring-boot-admin-client-2.2.2.jar;D:\jpf\soft_dev\apache-maven-repository-jay\org\jolokia\jolokia-core\1.6.2\jolokia-core-1.6.2.jar;D:\jpf\soft_dev\apache-maven-repository-jay\com\googlecode\json-simple\json-simple\1.1.1\json-simple-1.1.1.jar;D:\jpf\soft_dev\apache-maven-repository-jay\org\springframework\cloud\spring-cloud-starter-netflix-hystrix\2.2.1.RELEASE\spring-cloud-starter-netflix-hystrix-2.2.1.RELEASE.jar;D:\jpf\soft_dev\apache-maven-repository-jay\org\springframework\cloud\spring-cloud-netflix-ribbon\2.2.1.RELEASE\spring-cloud-netflix-ribbon-2.2.1.RELEASE.jar;D:\jpf\soft_dev\apache-maven-repository-jay\com\netflix\hystrix\hystrix-core\1.5.18\hystrix-core-1.5.18.jar;D:\jpf\soft_dev\apache-maven-repository-jay\com\netflix\hystrix\hystrix-serialization\1.5.18\hystrix-serialization-1.5.18.jar;D:\jpf\soft_dev\apache-maven-repository-jay\com\fasterxml\jackson\module\jackson-module-afterburner\2.10.2\jackson-module-afterburner-2.10.2.jar;D:\jpf\soft_dev\apache-maven-repository-jay\com\netflix\hystrix\hystrix-metrics-event-stream\1.5.18\hystrix-metrics-event-stream-1.5.18.jar;D:\jpf\soft_dev\apache-maven-repository-jay\com\netflix\hystrix\hystrix-javanica\1.5.18\hystrix-javanica-1.5.18.jar;D:\jpf\soft_dev\apache-maven-repository-jay\org\apache\commons\commons-lang3\3.9\commons-lang3-3.9.jar;D:\jpf\soft_dev\apache-maven-repository-jay\org\ow2\asm\asm\5.0.4\asm-5.0.4.jar;D:\jpf\soft_dev\apache-maven-repository-jay\org\aspectj\aspectjweaver\1.9.5\aspectjweaver-1.9.5.jar;D:\jpf\soft_dev\apache-maven-repository-jay\com\google\guava\guava\15.0\guava-15.0.jar;D:\jpf\soft_dev\apache-maven-repository-jay\io\reactivex\rxjava-reactive-streams\1.2.1\rxjava-reactive-streams-1.2.1.jar;D:\jpf\soft_dev\apache-maven-repository-jay\org\reactivestreams\reactive-streams\1.0.3\reactive-streams-1.0.3.jar;D:\jpf\soft_dev\apache-maven-repository-jay\org\springframework\cloud\spring-cloud-starter-openfeign\2.2.1.RELEASE\spring-cloud-starter-openfeign-2.2.1.RELEASE.jar;D:\jpf\soft_dev\apache-maven-repository-jay\org\springframework\cloud\spring-cloud-openfeign-core\2.2.1.RELEASE\spring-cloud-openfeign-core-2.2.1.RELEASE.jar;D:\jpf\soft_dev\apache-maven-repository-jay\io\github\openfeign\form\feign-form-spring\3.8.0\feign-form-spring-3.8.0.jar;D:\jpf\soft_dev\apache-maven-repository-jay\io\github\openfeign\form\feign-form\3.8.0\feign-form-3.8.0.jar;D:\jpf\soft_dev\apache-maven-repository-jay\commons-fileupload\commons-fileupload\1.4\commons-fileupload-1.4.jar;D:\jpf\soft_dev\apache-maven-repository-jay\commons-io\commons-io\2.2\commons-io-2.2.jar;D:\jpf\soft_dev\apache-maven-repository-jay\org\springframework\cloud\spring-cloud-commons\2.2.1.RELEASE\spring-cloud-commons-2.2.1.RELEASE.jar;D:\jpf\soft_dev\apache-maven-repository-jay\org\springframework\security\spring-security-crypto\5.2.2.RELEASE\spring-security-crypto-5.2.2.RELEASE.jar;D:\jpf\soft_dev\apache-maven-repository-jay\io\github\openfeign\feign-core\10.4.0\feign-core-10.4.0.jar;D:\jpf\soft_dev\apache-maven-repository-jay\io\github\openfeign\feign-slf4j\10.4.0\feign-slf4j-10.4.0.jar;D:\jpf\soft_dev\apache-maven-repository-jay\io\github\openfeign\feign-hystrix\10.4.0\feign-hystrix-10.4.0.jar;D:\jpf\soft_dev\apache-maven-repository-jay\com\alibaba\fastjson\1.2.37\fastjson-1.2.37.jar;D:\jpf\soft_dev\apache-maven-repository-jay\junit\junit\4.12\junit-4.12.jar;D:\jpf\soft_dev\apache-maven-repository-jay\org\hamcrest\hamcrest-core\2.1\hamcrest-core-2.1.jar;D:\jpf\soft_dev\apache-maven-repository-jay\org\springframework\cloud\spring-cloud-starter-config\2.2.2.RELEASE\spring-cloud-starter-config-2.2.2.RELEASE.jar;D:\jpf\soft_dev\apache-maven-repository-jay\org\springframework\cloud\spring-cloud-config-client\2.2.1.RELEASE\spring-cloud-config-client-2.2.1.RELEASE.jar;D:\jpf\soft_dev\apache-maven-repository-jay\com\fasterxml\jackson\core\jackson-databind\2.10.2\jackson-databind-2.10.2.jar;D:\jpf\soft_dev\apache-maven-repository-jay\org\springframework\cloud\spring-cloud-starter-bus-amqp\2.2.0.RELEASE\spring-cloud-starter-bus-amqp-2.2.0.RELEASE.jar;D:\jpf\soft_dev\apache-maven-repository-jay\org\springframework\cloud\spring-cloud-starter-stream-rabbit\3.0.1.RELEASE\spring-cloud-starter-stream-rabbit-3.0.1.RELEASE.jar;D:\jpf\soft_dev\apache-maven-repository-jay\org\springframework\cloud\spring-cloud-stream-binder-rabbit\3.0.1.RELEASE\spring-cloud-stream-binder-rabbit-3.0.1.RELEASE.jar;D:\jpf\soft_dev\apache-maven-repository-jay\org\springframework\cloud\spring-cloud-stream-binder-rabbit-core\3.0.1.RELEASE\spring-cloud-stream-binder-rabbit-core-3.0.1.RELEASE.jar;D:\jpf\soft_dev\apache-maven-repository-jay\org\springframework\integration\spring-integration-amqp\5.2.4.RELEASE\spring-integration-amqp-5.2.4.RELEASE.jar;D:\jpf\soft_dev\apache-maven-repository-jay\com\rabbitmq\http-client\2.1.0.RELEASE\http-client-2.1.0.RELEASE.jar;D:\jpf\soft_dev\apache-maven-repository-jay\org\springframework\boot\spring-boot-starter-amqp\2.2.5.RELEASE\spring-boot-starter-amqp-2.2.5.RELEASE.jar;D:\jpf\soft_dev\apache-maven-repository-jay\org\springframework\amqp\spring-rabbit\2.2.5.RELEASE\spring-rabbit-2.2.5.RELEASE.jar;D:\jpf\soft_dev\apache-maven-repository-jay\com\rabbitmq\amqp-client\5.7.3\amqp-client-5.7.3.jar;D:\jpf\soft_dev\apache-maven-repository-jay\org\springframework\amqp\spring-amqp\2.2.5.RELEASE\spring-amqp-2.2.5.RELEASE.jar;D:\jpf\soft_dev\apache-maven-repository-jay\org\springframework\integration\spring-integration-jmx\5.2.4.RELEASE\spring-integration-jmx-5.2.4.RELEASE.jar;D:\jpf\soft_dev\apache-maven-repository-jay\org\springframework\cloud\spring-cloud-bus\2.2.0.RELEASE\spring-cloud-bus-2.2.0.RELEASE.jar;D:\jpf\soft_dev\apache-maven-repository-jay\org\springframework\cloud\spring-cloud-stream\3.0.1.RELEASE\spring-cloud-stream-3.0.1.RELEASE.jar;D:\jpf\soft_dev\apache-maven-repository-jay\org\springframework\spring-messaging\5.2.4.RELEASE\spring-messaging-5.2.4.RELEASE.jar;D:\jpf\soft_dev\apache-maven-repository-jay\org\springframework\retry\spring-retry\1.2.5.RELEASE\spring-retry-1.2.5.RELEASE.jar;D:\jpf\soft_dev\apache-maven-repository-jay\org\springframework\cloud\spring-cloud-function-context\3.0.1.RELEASE\spring-cloud-function-context-3.0.1.RELEASE.jar;D:\jpf\soft_dev\apache-maven-repository-jay\org\springframework\cloud\spring-cloud-function-core\3.0.1.RELEASE\spring-cloud-function-core-3.0.1.RELEASE.jar;D:\jpf\soft_dev\apache-maven-repository-jay\org\springframework\integration\spring-integration-core\5.2.4.RELEASE\spring-integration-core-5.2.4.RELEASE.jar;D:\jpf\soft_dev\apache-maven-repository-jay\org\springframework\cloud\spring-cloud-starter-oauth2\2.2.0.RELEASE\spring-cloud-starter-oauth2-2.2.0.RELEASE.jar;D:\jpf\soft_dev\apache-maven-repository-jay\org\springframework\security\oauth\boot\spring-security-oauth2-autoconfigure\2.1.2.RELEASE\spring-security-oauth2-autoconfigure-2.1.2.RELEASE.jar;D:\jpf\soft_dev\apache-maven-repository-jay\com\sun\xml\bind\jaxb-core\2.3.0.1\jaxb-core-2.3.0.1.jar;D:\jpf\soft_dev\apache-maven-repository-jay\com\sun\xml\bind\jaxb-impl\2.3.0.1\jaxb-impl-2.3.0.1.jar;D:\jpf\soft_dev\apache-maven-repository-jay\org\springframework\security\oauth\spring-security-oauth2\2.3.4.RELEASE\spring-security-oauth2-2.3.4.RELEASE.jar;D:\jpf\soft_dev\apache-maven-repository-jay\org\springframework\security\spring-security-config\5.2.2.RELEASE\spring-security-config-5.2.2.RELEASE.jar;D:\jpf\soft_dev\apache-maven-repository-jay\org\springframework\security\spring-security-web\5.2.2.RELEASE\spring-security-web-5.2.2.RELEASE.jar;D:\jpf\soft_dev\apache-maven-repository-jay\org\codehaus\jackson\jackson-mapper-asl\1.9.13\jackson-mapper-asl-1.9.13.jar;D:\jpf\soft_dev\apache-maven-repository-jay\org\codehaus\jackson\jackson-core-asl\1.9.13\jackson-core-asl-1.9.13.jar;D:\jpf\soft_dev\apache-maven-repository-jay\org\springframework\security\spring-security-jwt\1.0.9.RELEASE\spring-security-jwt-1.0.9.RELEASE.jar;D:\jpf\soft_dev\apache-maven-repository-jay\org\springframework\cloud\spring-cloud-starter-security\2.2.0.RELEASE\spring-cloud-starter-security-2.2.0.RELEASE.jar;D:\jpf\soft_dev\apache-maven-repository-jay\org\springframework\cloud\spring-cloud-security\2.2.0.RELEASE\spring-cloud-security-2.2.0.RELEASE.jar;D:\jpf\soft_dev\apache-maven-repository-jay\org\springframework\boot\spring-boot-starter-security\2.2.5.RELEASE\spring-boot-starter-security-2.2.5.RELEASE.jar;D:\jpf\soft_dev\apache-maven-repository-jay\org\springframework\security\spring-security-data\5.2.2.RELEASE\spring-security-data-5.2.2.RELEASE.jar;D:\jpf\soft_dev\apache-maven-repository-jay\javax\xml\bind\jaxb-api\2.3.1\jaxb-api-2.3.1.jar;D:\jpf\soft_dev\apache-maven-repository-jay\javax\activation\javax.activation-api\1.2.0\javax.activation-api-1.2.0.jar;D:\jpf\soft_dev\apache-maven-repository-jay\org\springframework\data\spring-data-commons\2.2.5.RELEASE\spring-data-commons-2.2.5.RELEASE.jar;D:\jpf\soft_dev\apache-maven-repository-jay\org\springframework\security\spring-security-core\5.2.2.RELEASE\spring-security-core-5.2.2.RELEASE.jar;D:\jpf\soft_dev\apache-maven-repository-jay\com\google\code\gson\gson\2.8.2\gson-2.8.2.jar;D:\jpf\soft_dev\apache-maven-repository-jay\redis\clients\jedis\3.1.0\jedis-3.1.0.jar;D:\jpf\soft_dev\apache-maven-repository-jay\org\slf4j\slf4j-api\1.7.30\slf4j-api-1.7.30.jar;D:\jpf\soft_dev\apache-maven-repository-jay\org\apache\commons\commons-pool2\2.4.2\commons-pool2-2.4.2.jar;D:\jpf\soft_dev\apache-maven-repository-jay\org\springframework\boot\spring-boot-starter-data-redis\2.2.5.RELEASE\spring-boot-starter-data-redis-2.2.5.RELEASE.jar;D:\jpf\soft_dev\apache-maven-repository-jay\org\springframework\data\spring-data-redis\2.2.5.RELEASE\spring-data-redis-2.2.5.RELEASE.jar;D:\jpf\soft_dev\apache-maven-repository-jay\org\springframework\data\spring-data-keyvalue\2.2.5.RELEASE\spring-data-keyvalue-2.2.5.RELEASE.jar;D:\jpf\soft_dev\apache-maven-repository-jay\org\springframework\spring-tx\5.2.4.RELEASE\spring-tx-5.2.4.RELEASE.jar;D:\jpf\soft_dev\apache-maven-repository-jay\org\springframework\spring-oxm\5.2.4.RELEASE\spring-oxm-5.2.4.RELEASE.jar;D:\jpf\soft_dev\apache-maven-repository-jay\org\springframework\spring-context-support\5.2.4.RELEASE\spring-context-support-5.2.4.RELEASE.jar;D:\jpf\soft_dev\apache-maven-repository-jay\mysql\mysql-connector-java\8.0.19\mysql-connector-java-8.0.19.jar;D:\jpf\soft_dev\apache-maven-repository-jay\org\mybatis\spring\boot\mybatis-spring-boot-starter\1.0.0\mybatis-spring-boot-starter-1.0.0.jar;D:\jpf\soft_dev\apache-maven-repository-jay\org\springframework\boot\spring-boot-starter-jdbc\2.2.5.RELEASE\spring-boot-starter-jdbc-2.2.5.RELEASE.jar;D:\jpf\soft_dev\apache-maven-repository-jay\com\zaxxer\HikariCP\3.4.2\HikariCP-3.4.2.jar;D:\jpf\soft_dev\apache-maven-repository-jay\org\springframework\spring-jdbc\5.2.4.RELEASE\spring-jdbc-5.2.4.RELEASE.jar;D:\jpf\soft_dev\apache-maven-repository-jay\org\mybatis\spring\boot\mybatis-spring-boot-autoconfigure\1.0.0\mybatis-spring-boot-autoconfigure-1.0.0.jar;D:\jpf\soft_dev\apache-maven-repository-jay\org\mybatis\mybatis\3.3.0\mybatis-3.3.0.jar;D:\jpf\soft_dev\apache-maven-repository-jay\org\mybatis\mybatis-spring\1.2.3\mybatis-spring-1.2.3.jar;D:\jpf\soft_dev\apache-maven-repository-jay\com\h2database\h2\1.4.200\h2-1.4.200.jar;"/>
    <property name="java.vm.vendor" value="Oracle Corporation"/>
    <property name="sun.arch.data.model" value="64"/>
    <property name="user.variant" value=""/>
    <property name="java.vendor.url" value="http://java.oracle.com/"/>
    <property name="user.timezone" value="Asia/Shanghai"/>
    <property name="java.vm.specification.version" value="1.8"/>
    <property name="os.name" value="Windows 10"/>
    <property name="user.country" value="CN"/>
    <property name="sun.java.launcher" value="SUN_STANDARD"/>
    <property name="sun.boot.library.path" value="D:\jpf\soft_dev\jdk1.8.0.131\jre\bin"/>
    <property name="sun.java.command" value="C:\Users\jay.jia\AppData\Local\Temp\surefire3402083910743649018\surefirebooter1310451402277051916.jar C:\Users\jay.jia\AppData\Local\Temp\surefire3402083910743649018 2020-04-24T14-58-26_966-jvmRun1 surefire6512519795959539182tmp surefire_66597917320307042566tmp"/>
    <property name="surefire.test.class.path" value="D:\jpf\workspace_jay\jay_v1\jay-author\jay-author-security\target\test-classes;D:\jpf\workspace_jay\jay_v1\jay-author\jay-author-security\target\classes;D:\jpf\soft_dev\apache-maven-repository-jay\org\springframework\boot\spring-boot-starter-web\2.2.5.RELEASE\spring-boot-starter-web-2.2.5.RELEASE.jar;D:\jpf\soft_dev\apache-maven-repository-jay\org\springframework\boot\spring-boot-starter\2.2.5.RELEASE\spring-boot-starter-2.2.5.RELEASE.jar;D:\jpf\soft_dev\apache-maven-repository-jay\org\springframework\boot\spring-boot\2.2.5.RELEASE\spring-boot-2.2.5.RELEASE.jar;D:\jpf\soft_dev\apache-maven-repository-jay\org\springframework\boot\spring-boot-autoconfigure\2.2.5.RELEASE\spring-boot-autoconfigure-2.2.5.RELEASE.jar;D:\jpf\soft_dev\apache-maven-repository-jay\org\springframework\boot\spring-boot-starter-logging\2.2.5.RELEASE\spring-boot-starter-logging-2.2.5.RELEASE.jar;D:\jpf\soft_dev\apache-maven-repository-jay\ch\qos\logback\logback-classic\1.2.3\logback-classic-1.2.3.jar;D:\jpf\soft_dev\apache-maven-repository-jay\ch\qos\logback\logback-core\1.2.3\logback-core-1.2.3.jar;D:\jpf\soft_dev\apache-maven-repository-jay\org\apache\logging\log4j\log4j-to-slf4j\2.12.1\log4j-to-slf4j-2.12.1.jar;D:\jpf\soft_dev\apache-maven-repository-jay\org\apache\logging\log4j\log4j-api\2.12.1\log4j-api-2.12.1.jar;D:\jpf\soft_dev\apache-maven-repository-jay\org\slf4j\jul-to-slf4j\1.7.30\jul-to-slf4j-1.7.30.jar;D:\jpf\soft_dev\apache-maven-repository-jay\jakarta\annotation\jakarta.annotation-api\1.3.5\jakarta.annotation-api-1.3.5.jar;D:\jpf\soft_dev\apache-maven-repository-jay\org\yaml\snakeyaml\1.25\snakeyaml-1.25.jar;D:\jpf\soft_dev\apache-maven-repository-jay\org\springframework\boot\spring-boot-starter-json\2.2.5.RELEASE\spring-boot-starter-json-2.2.5.RELEASE.jar;D:\jpf\soft_dev\apache-maven-repository-jay\com\fasterxml\jackson\datatype\jackson-datatype-jdk8\2.10.2\jackson-datatype-jdk8-2.10.2.jar;D:\jpf\soft_dev\apache-maven-repository-jay\com\fasterxml\jackson\datatype\jackson-datatype-jsr310\2.10.2\jackson-datatype-jsr310-2.10.2.jar;D:\jpf\soft_dev\apache-maven-repository-jay\com\fasterxml\jackson\module\jackson-module-parameter-names\2.10.2\jackson-module-parameter-names-2.10.2.jar;D:\jpf\soft_dev\apache-maven-repository-jay\org\springframework\boot\spring-boot-starter-tomcat\2.2.5.RELEASE\spring-boot-starter-tomcat-2.2.5.RELEASE.jar;D:\jpf\soft_dev\apache-maven-repository-jay\org\apache\tomcat\embed\tomcat-embed-core\9.0.31\tomcat-embed-core-9.0.31.jar;D:\jpf\soft_dev\apache-maven-repository-jay\org\apache\tomcat\embed\tomcat-embed-el\9.0.31\tomcat-embed-el-9.0.31.jar;D:\jpf\soft_dev\apache-maven-repository-jay\org\apache\tomcat\embed\tomcat-embed-websocket\9.0.31\tomcat-embed-websocket-9.0.31.jar;D:\jpf\soft_dev\apache-maven-repository-jay\org\springframework\boot\spring-boot-starter-validation\2.2.5.RELEASE\spring-boot-starter-validation-2.2.5.RELEASE.jar;D:\jpf\soft_dev\apache-maven-repository-jay\jakarta\validation\jakarta.validation-api\2.0.2\jakarta.validation-api-2.0.2.jar;D:\jpf\soft_dev\apache-maven-repository-jay\org\hibernate\validator\hibernate-validator\6.0.18.Final\hibernate-validator-6.0.18.Final.jar;D:\jpf\soft_dev\apache-maven-repository-jay\org\jboss\logging\jboss-logging\3.4.1.Final\jboss-logging-3.4.1.Final.jar;D:\jpf\soft_dev\apache-maven-repository-jay\com\fasterxml\classmate\1.5.1\classmate-1.5.1.jar;D:\jpf\soft_dev\apache-maven-repository-jay\org\springframework\spring-web\5.2.4.RELEASE\spring-web-5.2.4.RELEASE.jar;D:\jpf\soft_dev\apache-maven-repository-jay\org\springframework\spring-beans\5.2.4.RELEASE\spring-beans-5.2.4.RELEASE.jar;D:\jpf\soft_dev\apache-maven-repository-jay\org\springframework\spring-webmvc\5.2.4.RELEASE\spring-webmvc-5.2.4.RELEASE.jar;D:\jpf\soft_dev\apache-maven-repository-jay\org\springframework\spring-aop\5.2.4.RELEASE\spring-aop-5.2.4.RELEASE.jar;D:\jpf\soft_dev\apache-maven-repository-jay\org\springframework\spring-context\5.2.4.RELEASE\spring-context-5.2.4.RELEASE.jar;D:\jpf\soft_dev\apache-maven-repository-jay\org\springframework\spring-expression\5.2.4.RELEASE\spring-expression-5.2.4.RELEASE.jar;D:\jpf\soft_dev\apache-maven-repository-jay\org\springframework\cloud\spring-cloud-starter-netflix-eureka-client\2.2.1.RELEASE\spring-cloud-starter-netflix-eureka-client-2.2.1.RELEASE.jar;D:\jpf\soft_dev\apache-maven-repository-jay\org\springframework\cloud\spring-cloud-starter\2.2.1.RELEASE\spring-cloud-starter-2.2.1.RELEASE.jar;D:\jpf\soft_dev\apache-maven-repository-jay\org\springframework\cloud\spring-cloud-context\2.2.1.RELEASE\spring-cloud-context-2.2.1.RELEASE.jar;D:\jpf\soft_dev\apache-maven-repository-jay\org\springframework\security\spring-security-rsa\1.0.9.RELEASE\spring-security-rsa-1.0.9.RELEASE.jar;D:\jpf\soft_dev\apache-maven-repository-jay\org\bouncycastle\bcpkix-jdk15on\1.64\bcpkix-jdk15on-1.64.jar;D:\jpf\soft_dev\apache-maven-repository-jay\org\bouncycastle\bcprov-jdk15on\1.64\bcprov-jdk15on-1.64.jar;D:\jpf\soft_dev\apache-maven-repository-jay\org\springframework\cloud\spring-cloud-netflix-hystrix\2.2.1.RELEASE\spring-cloud-netflix-hystrix-2.2.1.RELEASE.jar;D:\jpf\soft_dev\apache-maven-repository-jay\org\springframework\boot\spring-boot-starter-aop\2.2.5.RELEASE\spring-boot-starter-aop-2.2.5.RELEASE.jar;D:\jpf\soft_dev\apache-maven-repository-jay\org\springframework\cloud\spring-cloud-netflix-eureka-client\2.2.1.RELEASE\spring-cloud-netflix-eureka-client-2.2.1.RELEASE.jar;D:\jpf\soft_dev\apache-maven-repository-jay\com\netflix\eureka\eureka-client\1.9.13\eureka-client-1.9.13.jar;D:\jpf\soft_dev\apache-maven-repository-jay\org\codehaus\jettison\jettison\1.3.7\jettison-1.3.7.jar;D:\jpf\soft_dev\apache-maven-repository-jay\stax\stax-api\1.0.1\stax-api-1.0.1.jar;D:\jpf\soft_dev\apache-maven-repository-jay\com\netflix\netflix-commons\netflix-eventbus\0.3.0\netflix-eventbus-0.3.0.jar;D:\jpf\soft_dev\apache-maven-repository-jay\com\netflix\netflix-commons\netflix-infix\0.3.0\netflix-infix-0.3.0.jar;D:\jpf\soft_dev\apache-maven-repository-jay\commons-jxpath\commons-jxpath\1.3\commons-jxpath-1.3.jar;D:\jpf\soft_dev\apache-maven-repository-jay\joda-time\joda-time\2.10.5\joda-time-2.10.5.jar;D:\jpf\soft_dev\apache-maven-repository-jay\org\antlr\antlr-runtime\3.4\antlr-runtime-3.4.jar;D:\jpf\soft_dev\apache-maven-repository-jay\org\antlr\stringtemplate\3.2.1\stringtemplate-3.2.1.jar;D:\jpf\soft_dev\apache-maven-repository-jay\antlr\antlr\2.7.7\antlr-2.7.7.jar;D:\jpf\soft_dev\apache-maven-repository-jay\org\apache\commons\commons-math\2.2\commons-math-2.2.jar;D:\jpf\soft_dev\apache-maven-repository-jay\com\netflix\archaius\archaius-core\0.7.6\archaius-core-0.7.6.jar;D:\jpf\soft_dev\apache-maven-repository-jay\javax\ws\rs\jsr311-api\1.1.1\jsr311-api-1.1.1.jar;D:\jpf\soft_dev\apache-maven-repository-jay\com\netflix\servo\servo-core\0.12.21\servo-core-0.12.21.jar;D:\jpf\soft_dev\apache-maven-repository-jay\com\sun\jersey\jersey-core\1.19.1\jersey-core-1.19.1.jar;D:\jpf\soft_dev\apache-maven-repository-jay\com\sun\jersey\jersey-client\1.19.1\jersey-client-1.19.1.jar;D:\jpf\soft_dev\apache-maven-repository-jay\com\sun\jersey\contribs\jersey-apache-client4\1.19.1\jersey-apache-client4-1.19.1.jar;D:\jpf\soft_dev\apache-maven-repository-jay\org\apache\httpcomponents\httpclient\4.5.11\httpclient-4.5.11.jar;D:\jpf\soft_dev\apache-maven-repository-jay\org\apache\httpcomponents\httpcore\4.4.13\httpcore-4.4.13.jar;D:\jpf\soft_dev\apache-maven-repository-jay\commons-codec\commons-codec\1.13\commons-codec-1.13.jar;D:\jpf\soft_dev\apache-maven-repository-jay\com\google\inject\guice\4.1.0\guice-4.1.0.jar;D:\jpf\soft_dev\apache-maven-repository-jay\javax\inject\javax.inject\1\javax.inject-1.jar;D:\jpf\soft_dev\apache-maven-repository-jay\aopalliance\aopalliance\1.0\aopalliance-1.0.jar;D:\jpf\soft_dev\apache-maven-repository-jay\com\fasterxml\jackson\core\jackson-annotations\2.10.2\jackson-annotations-2.10.2.jar;D:\jpf\soft_dev\apache-maven-repository-jay\com\fasterxml\jackson\core\jackson-core\2.10.2\jackson-core-2.10.2.jar;D:\jpf\soft_dev\apache-maven-repository-jay\com\netflix\eureka\eureka-core\1.9.13\eureka-core-1.9.13.jar;D:\jpf\soft_dev\apache-maven-repository-jay\com\fasterxml\woodstox\woodstox-core\5.2.1\woodstox-core-5.2.1.jar;D:\jpf\soft_dev\apache-maven-repository-jay\org\codehaus\woodstox\stax2-api\4.2\stax2-api-4.2.jar;D:\jpf\soft_dev\apache-maven-repository-jay\org\springframework\cloud\spring-cloud-starter-netflix-archaius\2.2.1.RELEASE\spring-cloud-starter-netflix-archaius-2.2.1.RELEASE.jar;D:\jpf\soft_dev\apache-maven-repository-jay\org\springframework\cloud\spring-cloud-netflix-archaius\2.2.1.RELEASE\spring-cloud-netflix-archaius-2.2.1.RELEASE.jar;D:\jpf\soft_dev\apache-maven-repository-jay\commons-configuration\commons-configuration\1.8\commons-configuration-1.8.jar;D:\jpf\soft_dev\apache-maven-repository-jay\commons-lang\commons-lang\2.6\commons-lang-2.6.jar;D:\jpf\soft_dev\apache-maven-repository-jay\org\springframework\cloud\spring-cloud-starter-netflix-ribbon\2.2.1.RELEASE\spring-cloud-starter-netflix-ribbon-2.2.1.RELEASE.jar;D:\jpf\soft_dev\apache-maven-repository-jay\com\netflix\ribbon\ribbon\2.3.0\ribbon-2.3.0.jar;D:\jpf\soft_dev\apache-maven-repository-jay\com\netflix\ribbon\ribbon-transport\2.3.0\ribbon-transport-2.3.0.jar;D:\jpf\soft_dev\apache-maven-repository-jay\io\reactivex\rxnetty-contexts\0.4.9\rxnetty-contexts-0.4.9.jar;D:\jpf\soft_dev\apache-maven-repository-jay\io\reactivex\rxnetty-servo\0.4.9\rxnetty-servo-0.4.9.jar;D:\jpf\soft_dev\apache-maven-repository-jay\io\reactivex\rxnetty\0.4.9\rxnetty-0.4.9.jar;D:\jpf\soft_dev\apache-maven-repository-jay\com\netflix\ribbon\ribbon-core\2.3.0\ribbon-core-2.3.0.jar;D:\jpf\soft_dev\apache-maven-repository-jay\com\netflix\ribbon\ribbon-httpclient\2.3.0\ribbon-httpclient-2.3.0.jar;D:\jpf\soft_dev\apache-maven-repository-jay\commons-collections\commons-collections\3.2.2\commons-collections-3.2.2.jar;D:\jpf\soft_dev\apache-maven-repository-jay\com\netflix\netflix-commons\netflix-commons-util\0.3.0\netflix-commons-util-0.3.0.jar;D:\jpf\soft_dev\apache-maven-repository-jay\com\netflix\ribbon\ribbon-loadbalancer\2.3.0\ribbon-loadbalancer-2.3.0.jar;D:\jpf\soft_dev\apache-maven-repository-jay\com\netflix\netflix-commons\netflix-statistics\0.1.1\netflix-statistics-0.1.1.jar;D:\jpf\soft_dev\apache-maven-repository-jay\io\reactivex\rxjava\1.3.8\rxjava-1.3.8.jar;D:\jpf\soft_dev\apache-maven-repository-jay\org\springframework\cloud\spring-cloud-starter-loadbalancer\2.2.1.RELEASE\spring-cloud-starter-loadbalancer-2.2.1.RELEASE.jar;D:\jpf\soft_dev\apache-maven-repository-jay\org\springframework\cloud\spring-cloud-loadbalancer\2.2.1.RELEASE\spring-cloud-loadbalancer-2.2.1.RELEASE.jar;D:\jpf\soft_dev\apache-maven-repository-jay\io\projectreactor\reactor-core\3.3.3.RELEASE\reactor-core-3.3.3.RELEASE.jar;D:\jpf\soft_dev\apache-maven-repository-jay\io\projectreactor\addons\reactor-extra\3.3.2.RELEASE\reactor-extra-3.3.2.RELEASE.jar;D:\jpf\soft_dev\apache-maven-repository-jay\org\springframework\boot\spring-boot-starter-cache\2.2.5.RELEASE\spring-boot-starter-cache-2.2.5.RELEASE.jar;D:\jpf\soft_dev\apache-maven-repository-jay\com\stoyanr\evictor\1.0.0\evictor-1.0.0.jar;D:\jpf\soft_dev\apache-maven-repository-jay\com\netflix\ribbon\ribbon-eureka\2.3.0\ribbon-eureka-2.3.0.jar;D:\jpf\soft_dev\apache-maven-repository-jay\com\thoughtworks\xstream\xstream\1.4.11.1\xstream-1.4.11.1.jar;D:\jpf\soft_dev\apache-maven-repository-jay\xmlpull\xmlpull\1.1.3.1\xmlpull-1.1.3.1.jar;D:\jpf\soft_dev\apache-maven-repository-jay\xpp3\xpp3_min\1.1.4c\xpp3_min-1.1.4c.jar;D:\jpf\soft_dev\apache-maven-repository-jay\org\projectlombok\lombok\1.18.12\lombok-1.18.12.jar;D:\jpf\soft_dev\apache-maven-repository-jay\org\springframework\boot\spring-boot-starter-test\2.2.5.RELEASE\spring-boot-starter-test-2.2.5.RELEASE.jar;D:\jpf\soft_dev\apache-maven-repository-jay\org\springframework\boot\spring-boot-test\2.2.5.RELEASE\spring-boot-test-2.2.5.RELEASE.jar;D:\jpf\soft_dev\apache-maven-repository-jay\org\springframework\boot\spring-boot-test-autoconfigure\2.2.5.RELEASE\spring-boot-test-autoconfigure-2.2.5.RELEASE.jar;D:\jpf\soft_dev\apache-maven-repository-jay\com\jayway\jsonpath\json-path\2.4.0\json-path-2.4.0.jar;D:\jpf\soft_dev\apache-maven-repository-jay\net\minidev\json-smart\2.3\json-smart-2.3.jar;D:\jpf\soft_dev\apache-maven-repository-jay\net\minidev\accessors-smart\1.2\accessors-smart-1.2.jar;D:\jpf\soft_dev\apache-maven-repository-jay\jakarta\xml\bind\jakarta.xml.bind-api\2.3.2\jakarta.xml.bind-api-2.3.2.jar;D:\jpf\soft_dev\apache-maven-repository-jay\jakarta\activation\jakarta.activation-api\1.2.2\jakarta.activation-api-1.2.2.jar;D:\jpf\soft_dev\apache-maven-repository-jay\org\junit\jupiter\junit-jupiter\5.5.2\junit-jupiter-5.5.2.jar;D:\jpf\soft_dev\apache-maven-repository-jay\org\junit\jupiter\junit-jupiter-api\5.5.2\junit-jupiter-api-5.5.2.jar;D:\jpf\soft_dev\apache-maven-repository-jay\org\opentest4j\opentest4j\1.2.0\opentest4j-1.2.0.jar;D:\jpf\soft_dev\apache-maven-repository-jay\org\junit\platform\junit-platform-commons\1.5.2\junit-platform-commons-1.5.2.jar;D:\jpf\soft_dev\apache-maven-repository-jay\org\junit\jupiter\junit-jupiter-params\5.5.2\junit-jupiter-params-5.5.2.jar;D:\jpf\soft_dev\apache-maven-repository-jay\org\junit\jupiter\junit-jupiter-engine\5.5.2\junit-jupiter-engine-5.5.2.jar;D:\jpf\soft_dev\apache-maven-repository-jay\org\junit\vintage\junit-vintage-engine\5.5.2\junit-vintage-engine-5.5.2.jar;D:\jpf\soft_dev\apache-maven-repository-jay\org\apiguardian\apiguardian-api\1.1.0\apiguardian-api-1.1.0.jar;D:\jpf\soft_dev\apache-maven-repository-jay\org\junit\platform\junit-platform-engine\1.5.2\junit-platform-engine-1.5.2.jar;D:\jpf\soft_dev\apache-maven-repository-jay\org\mockito\mockito-junit-jupiter\3.1.0\mockito-junit-jupiter-3.1.0.jar;D:\jpf\soft_dev\apache-maven-repository-jay\org\assertj\assertj-core\3.13.2\assertj-core-3.13.2.jar;D:\jpf\soft_dev\apache-maven-repository-jay\org\hamcrest\hamcrest\2.1\hamcrest-2.1.jar;D:\jpf\soft_dev\apache-maven-repository-jay\org\mockito\mockito-core\3.1.0\mockito-core-3.1.0.jar;D:\jpf\soft_dev\apache-maven-repository-jay\net\bytebuddy\byte-buddy\1.10.8\byte-buddy-1.10.8.jar;D:\jpf\soft_dev\apache-maven-repository-jay\net\bytebuddy\byte-buddy-agent\1.10.8\byte-buddy-agent-1.10.8.jar;D:\jpf\soft_dev\apache-maven-repository-jay\org\objenesis\objenesis\2.6\objenesis-2.6.jar;D:\jpf\soft_dev\apache-maven-repository-jay\org\skyscreamer\jsonassert\1.5.0\jsonassert-1.5.0.jar;D:\jpf\soft_dev\apache-maven-repository-jay\com\vaadin\external\google\android-json\0.0.20131108.vaadin1\android-json-0.0.20131108.vaadin1.jar;D:\jpf\soft_dev\apache-maven-repository-jay\org\springframework\spring-core\5.2.4.RELEASE\spring-core-5.2.4.RELEASE.jar;D:\jpf\soft_dev\apache-maven-repository-jay\org\springframework\spring-jcl\5.2.4.RELEASE\spring-jcl-5.2.4.RELEASE.jar;D:\jpf\soft_dev\apache-maven-repository-jay\org\springframework\spring-test\5.2.4.RELEASE\spring-test-5.2.4.RELEASE.jar;D:\jpf\soft_dev\apache-maven-repository-jay\org\xmlunit\xmlunit-core\2.6.3\xmlunit-core-2.6.3.jar;D:\jpf\soft_dev\apache-maven-repository-jay\org\springframework\boot\spring-boot-starter-actuator\2.2.5.RELEASE\spring-boot-starter-actuator-2.2.5.RELEASE.jar;D:\jpf\soft_dev\apache-maven-repository-jay\org\springframework\boot\spring-boot-actuator-autoconfigure\2.2.5.RELEASE\spring-boot-actuator-autoconfigure-2.2.5.RELEASE.jar;D:\jpf\soft_dev\apache-maven-repository-jay\org\springframework\boot\spring-boot-actuator\2.2.5.RELEASE\spring-boot-actuator-2.2.5.RELEASE.jar;D:\jpf\soft_dev\apache-maven-repository-jay\io\micrometer\micrometer-core\1.3.5\micrometer-core-1.3.5.jar;D:\jpf\soft_dev\apache-maven-repository-jay\org\hdrhistogram\HdrHistogram\2.1.11\HdrHistogram-2.1.11.jar;D:\jpf\soft_dev\apache-maven-repository-jay\org\latencyutils\LatencyUtils\2.0.3\LatencyUtils-2.0.3.jar;D:\jpf\soft_dev\apache-maven-repository-jay\de\codecentric\spring-boot-admin-starter-client\2.2.2\spring-boot-admin-starter-client-2.2.2.jar;D:\jpf\soft_dev\apache-maven-repository-jay\de\codecentric\spring-boot-admin-client\2.2.2\spring-boot-admin-client-2.2.2.jar;D:\jpf\soft_dev\apache-maven-repository-jay\org\jolokia\jolokia-core\1.6.2\jolokia-core-1.6.2.jar;D:\jpf\soft_dev\apache-maven-repository-jay\com\googlecode\json-simple\json-simple\1.1.1\json-simple-1.1.1.jar;D:\jpf\soft_dev\apache-maven-repository-jay\org\springframework\cloud\spring-cloud-starter-netflix-hystrix\2.2.1.RELEASE\spring-cloud-starter-netflix-hystrix-2.2.1.RELEASE.jar;D:\jpf\soft_dev\apache-maven-repository-jay\org\springframework\cloud\spring-cloud-netflix-ribbon\2.2.1.RELEASE\spring-cloud-netflix-ribbon-2.2.1.RELEASE.jar;D:\jpf\soft_dev\apache-maven-repository-jay\com\netflix\hystrix\hystrix-core\1.5.18\hystrix-core-1.5.18.jar;D:\jpf\soft_dev\apache-maven-repository-jay\com\netflix\hystrix\hystrix-serialization\1.5.18\hystrix-serialization-1.5.18.jar;D:\jpf\soft_dev\apache-maven-repository-jay\com\fasterxml\jackson\module\jackson-module-afterburner\2.10.2\jackson-module-afterburner-2.10.2.jar;D:\jpf\soft_dev\apache-maven-repository-jay\com\netflix\hystrix\hystrix-metrics-event-stream\1.5.18\hystrix-metrics-event-stream-1.5.18.jar;D:\jpf\soft_dev\apache-maven-repository-jay\com\netflix\hystrix\hystrix-javanica\1.5.18\hystrix-javanica-1.5.18.jar;D:\jpf\soft_dev\apache-maven-repository-jay\org\apache\commons\commons-lang3\3.9\commons-lang3-3.9.jar;D:\jpf\soft_dev\apache-maven-repository-jay\org\ow2\asm\asm\5.0.4\asm-5.0.4.jar;D:\jpf\soft_dev\apache-maven-repository-jay\org\aspectj\aspectjweaver\1.9.5\aspectjweaver-1.9.5.jar;D:\jpf\soft_dev\apache-maven-repository-jay\com\google\guava\guava\15.0\guava-15.0.jar;D:\jpf\soft_dev\apache-maven-repository-jay\io\reactivex\rxjava-reactive-streams\1.2.1\rxjava-reactive-streams-1.2.1.jar;D:\jpf\soft_dev\apache-maven-repository-jay\org\reactivestreams\reactive-streams\1.0.3\reactive-streams-1.0.3.jar;D:\jpf\soft_dev\apache-maven-repository-jay\org\springframework\cloud\spring-cloud-starter-openfeign\2.2.1.RELEASE\spring-cloud-starter-openfeign-2.2.1.RELEASE.jar;D:\jpf\soft_dev\apache-maven-repository-jay\org\springframework\cloud\spring-cloud-openfeign-core\2.2.1.RELEASE\spring-cloud-openfeign-core-2.2.1.RELEASE.jar;D:\jpf\soft_dev\apache-maven-repository-jay\io\github\openfeign\form\feign-form-spring\3.8.0\feign-form-spring-3.8.0.jar;D:\jpf\soft_dev\apache-maven-repository-jay\io\github\openfeign\form\feign-form\3.8.0\feign-form-3.8.0.jar;D:\jpf\soft_dev\apache-maven-repository-jay\commons-fileupload\commons-fileupload\1.4\commons-fileupload-1.4.jar;D:\jpf\soft_dev\apache-maven-repository-jay\commons-io\commons-io\2.2\commons-io-2.2.jar;D:\jpf\soft_dev\apache-maven-repository-jay\org\springframework\cloud\spring-cloud-commons\2.2.1.RELEASE\spring-cloud-commons-2.2.1.RELEASE.jar;D:\jpf\soft_dev\apache-maven-repository-jay\org\springframework\security\spring-security-crypto\5.2.2.RELEASE\spring-security-crypto-5.2.2.RELEASE.jar;D:\jpf\soft_dev\apache-maven-repository-jay\io\github\openfeign\feign-core\10.4.0\feign-core-10.4.0.jar;D:\jpf\soft_dev\apache-maven-repository-jay\io\github\openfeign\feign-slf4j\10.4.0\feign-slf4j-10.4.0.jar;D:\jpf\soft_dev\apache-maven-repository-jay\io\github\openfeign\feign-hystrix\10.4.0\feign-hystrix-10.4.0.jar;D:\jpf\soft_dev\apache-maven-repository-jay\com\alibaba\fastjson\1.2.37\fastjson-1.2.37.jar;D:\jpf\soft_dev\apache-maven-repository-jay\junit\junit\4.12\junit-4.12.jar;D:\jpf\soft_dev\apache-maven-repository-jay\org\hamcrest\hamcrest-core\2.1\hamcrest-core-2.1.jar;D:\jpf\soft_dev\apache-maven-repository-jay\org\springframework\cloud\spring-cloud-starter-config\2.2.2.RELEASE\spring-cloud-starter-config-2.2.2.RELEASE.jar;D:\jpf\soft_dev\apache-maven-repository-jay\org\springframework\cloud\spring-cloud-config-client\2.2.1.RELEASE\spring-cloud-config-client-2.2.1.RELEASE.jar;D:\jpf\soft_dev\apache-maven-repository-jay\com\fasterxml\jackson\core\jackson-databind\2.10.2\jackson-databind-2.10.2.jar;D:\jpf\soft_dev\apache-maven-repository-jay\org\springframework\cloud\spring-cloud-starter-bus-amqp\2.2.0.RELEASE\spring-cloud-starter-bus-amqp-2.2.0.RELEASE.jar;D:\jpf\soft_dev\apache-maven-repository-jay\org\springframework\cloud\spring-cloud-starter-stream-rabbit\3.0.1.RELEASE\spring-cloud-starter-stream-rabbit-3.0.1.RELEASE.jar;D:\jpf\soft_dev\apache-maven-repository-jay\org\springframework\cloud\spring-cloud-stream-binder-rabbit\3.0.1.RELEASE\spring-cloud-stream-binder-rabbit-3.0.1.RELEASE.jar;D:\jpf\soft_dev\apache-maven-repository-jay\org\springframework\cloud\spring-cloud-stream-binder-rabbit-core\3.0.1.RELEASE\spring-cloud-stream-binder-rabbit-core-3.0.1.RELEASE.jar;D:\jpf\soft_dev\apache-maven-repository-jay\org\springframework\integration\spring-integration-amqp\5.2.4.RELEASE\spring-integration-amqp-5.2.4.RELEASE.jar;D:\jpf\soft_dev\apache-maven-repository-jay\com\rabbitmq\http-client\2.1.0.RELEASE\http-client-2.1.0.RELEASE.jar;D:\jpf\soft_dev\apache-maven-repository-jay\org\springframework\boot\spring-boot-starter-amqp\2.2.5.RELEASE\spring-boot-starter-amqp-2.2.5.RELEASE.jar;D:\jpf\soft_dev\apache-maven-repository-jay\org\springframework\amqp\spring-rabbit\2.2.5.RELEASE\spring-rabbit-2.2.5.RELEASE.jar;D:\jpf\soft_dev\apache-maven-repository-jay\com\rabbitmq\amqp-client\5.7.3\amqp-client-5.7.3.jar;D:\jpf\soft_dev\apache-maven-repository-jay\org\springframework\amqp\spring-amqp\2.2.5.RELEASE\spring-amqp-2.2.5.RELEASE.jar;D:\jpf\soft_dev\apache-maven-repository-jay\org\springframework\integration\spring-integration-jmx\5.2.4.RELEASE\spring-integration-jmx-5.2.4.RELEASE.jar;D:\jpf\soft_dev\apache-maven-repository-jay\org\springframework\cloud\spring-cloud-bus\2.2.0.RELEASE\spring-cloud-bus-2.2.0.RELEASE.jar;D:\jpf\soft_dev\apache-maven-repository-jay\org\springframework\cloud\spring-cloud-stream\3.0.1.RELEASE\spring-cloud-stream-3.0.1.RELEASE.jar;D:\jpf\soft_dev\apache-maven-repository-jay\org\springframework\spring-messaging\5.2.4.RELEASE\spring-messaging-5.2.4.RELEASE.jar;D:\jpf\soft_dev\apache-maven-repository-jay\org\springframework\retry\spring-retry\1.2.5.RELEASE\spring-retry-1.2.5.RELEASE.jar;D:\jpf\soft_dev\apache-maven-repository-jay\org\springframework\cloud\spring-cloud-function-context\3.0.1.RELEASE\spring-cloud-function-context-3.0.1.RELEASE.jar;D:\jpf\soft_dev\apache-maven-repository-jay\org\springframework\cloud\spring-cloud-function-core\3.0.1.RELEASE\spring-cloud-function-core-3.0.1.RELEASE.jar;D:\jpf\soft_dev\apache-maven-repository-jay\org\springframework\integration\spring-integration-core\5.2.4.RELEASE\spring-integration-core-5.2.4.RELEASE.jar;D:\jpf\soft_dev\apache-maven-repository-jay\org\springframework\cloud\spring-cloud-starter-oauth2\2.2.0.RELEASE\spring-cloud-starter-oauth2-2.2.0.RELEASE.jar;D:\jpf\soft_dev\apache-maven-repository-jay\org\springframework\security\oauth\boot\spring-security-oauth2-autoconfigure\2.1.2.RELEASE\spring-security-oauth2-autoconfigure-2.1.2.RELEASE.jar;D:\jpf\soft_dev\apache-maven-repository-jay\com\sun\xml\bind\jaxb-core\2.3.0.1\jaxb-core-2.3.0.1.jar;D:\jpf\soft_dev\apache-maven-repository-jay\com\sun\xml\bind\jaxb-impl\2.3.0.1\jaxb-impl-2.3.0.1.jar;D:\jpf\soft_dev\apache-maven-repository-jay\org\springframework\security\oauth\spring-security-oauth2\2.3.4.RELEASE\spring-security-oauth2-2.3.4.RELEASE.jar;D:\jpf\soft_dev\apache-maven-repository-jay\org\springframework\security\spring-security-config\5.2.2.RELEASE\spring-security-config-5.2.2.RELEASE.jar;D:\jpf\soft_dev\apache-maven-repository-jay\org\springframework\security\spring-security-web\5.2.2.RELEASE\spring-security-web-5.2.2.RELEASE.jar;D:\jpf\soft_dev\apache-maven-repository-jay\org\codehaus\jackson\jackson-mapper-asl\1.9.13\jackson-mapper-asl-1.9.13.jar;D:\jpf\soft_dev\apache-maven-repository-jay\org\codehaus\jackson\jackson-core-asl\1.9.13\jackson-core-asl-1.9.13.jar;D:\jpf\soft_dev\apache-maven-repository-jay\org\springframework\security\spring-security-jwt\1.0.9.RELEASE\spring-security-jwt-1.0.9.RELEASE.jar;D:\jpf\soft_dev\apache-maven-repository-jay\org\springframework\cloud\spring-cloud-starter-security\2.2.0.RELEASE\spring-cloud-starter-security-2.2.0.RELEASE.jar;D:\jpf\soft_dev\apache-maven-repository-jay\org\springframework\cloud\spring-cloud-security\2.2.0.RELEASE\spring-cloud-security-2.2.0.RELEASE.jar;D:\jpf\soft_dev\apache-maven-repository-jay\org\springframework\boot\spring-boot-starter-security\2.2.5.RELEASE\spring-boot-starter-security-2.2.5.RELEASE.jar;D:\jpf\soft_dev\apache-maven-repository-jay\org\springframework\security\spring-security-data\5.2.2.RELEASE\spring-security-data-5.2.2.RELEASE.jar;D:\jpf\soft_dev\apache-maven-repository-jay\javax\xml\bind\jaxb-api\2.3.1\jaxb-api-2.3.1.jar;D:\jpf\soft_dev\apache-maven-repository-jay\javax\activation\javax.activation-api\1.2.0\javax.activation-api-1.2.0.jar;D:\jpf\soft_dev\apache-maven-repository-jay\org\springframework\data\spring-data-commons\2.2.5.RELEASE\spring-data-commons-2.2.5.RELEASE.jar;D:\jpf\soft_dev\apache-maven-repository-jay\org\springframework\security\spring-security-core\5.2.2.RELEASE\spring-security-core-5.2.2.RELEASE.jar;D:\jpf\soft_dev\apache-maven-repository-jay\com\google\code\gson\gson\2.8.2\gson-2.8.2.jar;D:\jpf\soft_dev\apache-maven-repository-jay\redis\clients\jedis\3.1.0\jedis-3.1.0.jar;D:\jpf\soft_dev\apache-maven-repository-jay\org\slf4j\slf4j-api\1.7.30\slf4j-api-1.7.30.jar;D:\jpf\soft_dev\apache-maven-repository-jay\org\apache\commons\commons-pool2\2.4.2\commons-pool2-2.4.2.jar;D:\jpf\soft_dev\apache-maven-repository-jay\org\springframework\boot\spring-boot-starter-data-redis\2.2.5.RELEASE\spring-boot-starter-data-redis-2.2.5.RELEASE.jar;D:\jpf\soft_dev\apache-maven-repository-jay\org\springframework\data\spring-data-redis\2.2.5.RELEASE\spring-data-redis-2.2.5.RELEASE.jar;D:\jpf\soft_dev\apache-maven-repository-jay\org\springframework\data\spring-data-keyvalue\2.2.5.RELEASE\spring-data-keyvalue-2.2.5.RELEASE.jar;D:\jpf\soft_dev\apache-maven-repository-jay\org\springframework\spring-tx\5.2.4.RELEASE\spring-tx-5.2.4.RELEASE.jar;D:\jpf\soft_dev\apache-maven-repository-jay\org\springframework\spring-oxm\5.2.4.RELEASE\spring-oxm-5.2.4.RELEASE.jar;D:\jpf\soft_dev\apache-maven-repository-jay\org\springframework\spring-context-support\5.2.4.RELEASE\spring-context-support-5.2.4.RELEASE.jar;D:\jpf\soft_dev\apache-maven-repository-jay\mysql\mysql-connector-java\8.0.19\mysql-connector-java-8.0.19.jar;D:\jpf\soft_dev\apache-maven-repository-jay\org\mybatis\spring\boot\mybatis-spring-boot-starter\1.0.0\mybatis-spring-boot-starter-1.0.0.jar;D:\jpf\soft_dev\apache-maven-repository-jay\org\springframework\boot\spring-boot-starter-jdbc\2.2.5.RELEASE\spring-boot-starter-jdbc-2.2.5.RELEASE.jar;D:\jpf\soft_dev\apache-maven-repository-jay\com\zaxxer\HikariCP\3.4.2\HikariCP-3.4.2.jar;D:\jpf\soft_dev\apache-maven-repository-jay\org\springframework\spring-jdbc\5.2.4.RELEASE\spring-jdbc-5.2.4.RELEASE.jar;D:\jpf\soft_dev\apache-maven-repository-jay\org\mybatis\spring\boot\mybatis-spring-boot-autoconfigure\1.0.0\mybatis-spring-boot-autoconfigure-1.0.0.jar;D:\jpf\soft_dev\apache-maven-repository-jay\org\mybatis\mybatis\3.3.0\mybatis-3.3.0.jar;D:\jpf\soft_dev\apache-maven-repository-jay\org\mybatis\mybatis-spring\1.2.3\mybatis-spring-1.2.3.jar;D:\jpf\soft_dev\apache-maven-repository-jay\com\h2database\h2\1.4.200\h2-1.4.200.jar;"/>
    <property name="sun.cpu.endian" value="little"/>
    <property name="user.home" value="C:\Users\jay.jia"/>
    <property name="user.language" value="zh"/>
    <property name="java.specification.vendor" value="Oracle Corporation"/>
    <property name="java.home" value="D:\jpf\soft_dev\jdk1.8.0.131\jre"/>
    <property name="basedir" value="D:\jpf\workspace_jay\jay_v1\jay-author\jay-author-security"/>
    <property name="file.separator" value="\"/>
    <property name="line.separator" value="&#10;"/>
    <property name="java.vm.specification.vendor" value="Oracle Corporation"/>
    <property name="java.specification.name" value="Java Platform API Specification"/>
    <property name="java.awt.graphicsenv" value="sun.awt.Win32GraphicsEnvironment"/>
    <property name="surefire.real.class.path" value="C:\Users\jay.jia\AppData\Local\Temp\surefire3402083910743649018\surefirebooter1310451402277051916.jar"/>
    <property name="sun.boot.class.path" value="D:\jpf\soft_dev\jdk1.8.0.131\jre\lib\resources.jar;D:\jpf\soft_dev\jdk1.8.0.131\jre\lib\rt.jar;D:\jpf\soft_dev\jdk1.8.0.131\jre\lib\sunrsasign.jar;D:\jpf\soft_dev\jdk1.8.0.131\jre\lib\jsse.jar;D:\jpf\soft_dev\jdk1.8.0.131\jre\lib\jce.jar;D:\jpf\soft_dev\jdk1.8.0.131\jre\lib\charsets.jar;D:\jpf\soft_dev\jdk1.8.0.131\jre\lib\jfr.jar;D:\jpf\soft_dev\jdk1.8.0.131\jre\classes"/>
    <property name="user.script" value=""/>
    <property name="sun.management.compiler" value="HotSpot 64-Bit Tiered Compilers"/>
    <property name="java.runtime.version" value="1.8.0_131-b11"/>
    <property name="user.name" value="Jay.Jia"/>
    <property name="path.separator" value=";"/>
    <property name="os.version" value="10.0"/>
    <property name="java.endorsed.dirs" value="D:\jpf\soft_dev\jdk1.8.0.131\jre\lib\endorsed"/>
    <property name="java.runtime.name" value="Java(TM) SE Runtime Environment"/>
    <property name="file.encoding" value="GBK"/>
    <property name="java.vm.name" value="Java HotSpot(TM) 64-Bit Server VM"/>
    <property name="localRepository" value="D:\jpf\soft_dev\apache-maven-repository-jay"/>
    <property name="java.vendor.url.bug" value="http://bugreport.sun.com/bugreport/"/>
    <property name="java.io.tmpdir" value="C:\Users\jay.jia\AppData\Local\Temp\"/>
    <property name="java.version" value="1.8.0_131"/>
    <property name="user.dir" value="D:\jpf\workspace_jay\jay_v1\jay-author\jay-author-security"/>
    <property name="os.arch" value="amd64"/>
    <property name="java.vm.specification.name" value="Java Virtual Machine Specification"/>
    <property name="java.awt.printerjob" value="sun.awt.windows.WPrinterJob"/>
    <property name="idea.version2019.3.1" value="true"/>
    <property name="sun.os.patch.level" value=""/>
    <property name="java.library.path" value="D:\jpf\soft_dev\jdk1.8.0.131\jre\bin;C:\Windows\Sun\Java\bin;C:\Windows\system32;C:\Windows;D:\jpf\soft_dev\Perl\site\bin;D:\jpf\soft_dev\Perl\bin;D:\jpf\soft_dev\Xftp6\;D:\jpf\soft_dev\Xshell6\;C:\ProgramData\Oracle\Java\javapath;C:\Windows\system32;C:\Windows;C:\Windows\System32\Wbem;C:\Windows\System32\WindowsPowerShell\v1.0\;C:\Windows\System32\OpenSSH\;D:\jpf\soft_dev\mysql-5.7.28-winx64\bin;D:\jpf\soft_dev\jdk1.8.0_131\bin;D:\jpf\soft_dev\apache-maven-3.6.3\bin;C:\Users\jay.jia\AppData\Local\Programs\Python\Python37;D:\jpf\soft_dev\erl8.2\bin;D:\jpf\soft_dev\Redis\;D:\jpf\soft_dev\openssl-1.1.1f;D:\jpf\soft_dev\VisualStudio2019\Community\Common7\IDE\CommonExtensions\Microsoft\TeamFoundation\Team Explorer\Git\usr\bin;D:\jpf\soft_dev\NASM;D:\jpf\soft_dev\TortoiseGit\bin;D:\jpf\soft_dev\Git\cmd;C:\Program Files\MySQL\MySQL Shell 8.0\bin\;C:\Users\jay.jia\AppData\Local\BypassRuntm;C:\Users\jay.jia\AppData\Local\GitHubDesktop\bin;."/>
    <property name="java.vm.info" value="mixed mode"/>
    <property name="java.vendor" value="Oracle Corporation"/>
    <property name="java.vm.version" value="25.131-b11"/>
    <property name="java.ext.dirs" value="D:\jpf\soft_dev\jdk1.8.0.131\jre\lib\ext;C:\Windows\Sun\Java\lib\ext"/>
    <property name="sun.io.unicode.encoding" value="UnicodeLittle"/>
    <property name="maven.repo.local" value="D:\jpf\soft_dev\apache-maven-repository-jay"/>
    <property name="java.class.version" value="52.0"/>
  </properties>
  <testcase name="test1" classname="TestMthon" time="1.434"/>
</testsuite>